<?xml version="1.0" encoding="UTF-8"?>
<!-- Generated by org.testng.reporters.JUnitReportReporter -->
<testsuite hostname="DESKTOP-LP87043" failures="0" tests="1" name="piit.AutomationTrainingProgram.Browsersd" time="6.208" errors="0" timestamp="2022-05-10T19:41:59 EDT" skipped="0">
  <testcase classname="piit.AutomationTrainingProgram.Browsersd" name="f" time="6.208"/>
  <system-out/>
</testsuite> <!-- piit.AutomationTrainingProgram.Browsersd -->
